final_project/app/build/intermediates/manifest_merge_blame_file/release/manifest-merger-blame-release-report.txt
1<?xml version="1.0" encoding="utf-8"?>
2<manifest xmlns:android="http://schemas.android.com/apk/res/android"
3    package="com.example.final_project"
4    android:versionCode="1"
5    android:versionName="1.0" >
6
7    <uses-sdk
8        android:minSdkVersion="16"
8-->src\main\AndroidManifest.xml
9        android:targetSdkVersion="30" />
9-->src\main\AndroidManifest.xml
10
11    <uses-permission android:name="android.permission.WRITE_EXTERNAL_STORAGE" />
11-->src\main\AndroidManifest.xml:4:5-80
11-->src\main\AndroidManifest.xml:4:22-78
12    <uses-permission android:name="android.permission.READ_EXTERNAL_STORAGE" />
12-->src\main\AndroidManifest.xml:5:5-79
12-->src\main\AndroidManifest.xml:5:22-77
13    <uses-permission android:name="android.permission.INTERNET" />
13-->src\main\AndroidManifest.xml:6:5-66
13-->src\main\AndroidManifest.xml:6:22-64
14    <uses-permission android:name="android.permission.CAMERA" />
14-->src\main\AndroidManifest.xml:7:5-65
14-->src\main\AndroidManifest.xml:7:22-62
15    <uses-permission android:name="android.permission.RECORD_AUDIO" />
15-->src\main\AndroidManifest.xml:8:5-71
15-->src\main\AndroidManifest.xml:8:22-68
16
17    <uses-feature android:name="android.hardware.camera" />
17-->src\main\AndroidManifest.xml:9:5-60
17-->src\main\AndroidManifest.xml:9:19-57
18    <uses-feature android:name="android.hardware.camera.autofocus" />
18-->src\main\AndroidManifest.xml:10:5-70
18-->src\main\AndroidManifest.xml:10:19-67
19
20    <application
20-->src\main\AndroidManifest.xml:12:5-38:19
21        android:allowBackup="true"
21-->src\main\AndroidManifest.xml:13:9-35
22        android:appComponentFactory="androidx.core.app.CoreComponentFactory"
22-->[androidx.core:core:1.1.0] AndroidManifest.xml:24:18-86
23        android:icon="@mipmap/ic_launcher"
23-->src\main\AndroidManifest.xml:14:9-43
24        android:label="@string/app_name"
24-->src\main\AndroidManifest.xml:15:9-41
25        android:roundIcon="@mipmap/ic_launcher_round"
25-->src\main\AndroidManifest.xml:16:9-54
26        android:supportsRtl="true"
26-->src\main\AndroidManifest.xml:17:9-35
27        android:theme="@style/Theme.Design.NoActionBar" >
27-->src\main\AndroidManifest.xml:18:9-56
28        <activity android:name="com.example.final_project.MainActivity" >
28-->src\main\AndroidManifest.xml:19:9-25:20
28-->src\main\AndroidManifest.xml:19:19-47
29            <intent-filter>
29-->src\main\AndroidManifest.xml:20:13-24:29
30                <action android:name="android.intent.action.MAIN" />
30-->src\main\AndroidManifest.xml:21:17-69
30-->src\main\AndroidManifest.xml:21:25-66
31
32                <category android:name="android.intent.category.LAUNCHER" />
32-->src\main\AndroidManifest.xml:23:17-77
32-->src\main\AndroidManifest.xml:23:27-74
33            </intent-filter>
34        </activity>
35        <activity android:name="com.example.final_project.UploadActivity" />
35-->src\main\AndroidManifest.xml:26:9-52
35-->src\main\AndroidManifest.xml:26:19-49
36        <activity android:name="com.example.final_project.LogActivity" />
36-->src\main\AndroidManifest.xml:27:9-49
36-->src\main\AndroidManifest.xml:27:19-46
37
38        <provider
38-->src\main\AndroidManifest.xml:29:9-37:20
39            android:name="androidx.core.content.FileProvider"
39-->src\main\AndroidManifest.xml:31:13-62
40            android:authorities="com.example.final_project.fileprovider"
40-->src\main\AndroidManifest.xml:30:13-73
41            android:exported="false"
41-->src\main\AndroidManifest.xml:32:13-37
42            android:grantUriPermissions="true" >
42-->src\main\AndroidManifest.xml:33:13-47
43            <meta-data
43-->src\main\AndroidManifest.xml:34:13-36:53
44                android:name="android.support.FILE_PROVIDER_PATHS"
44-->src\main\AndroidManifest.xml:35:17-67
45                android:resource="@xml/filepaths" />
45-->src\main\AndroidManifest.xml:36:17-50
46        </provider>
47    </application>
48
49</manifest>